<?xml version="1.0" encoding="UTF-8"?>
<testsuite name="TestSuite" time="6.994" tests="7" errors="0" skipped="0" failures="1">
  <properties>
[...]
</properties>
  <testcase name="TC_001_VerifyAllContryResponseHas_US_DE_GB_InAlpha2" classname="groupktservice.apiTestSuite.ApiTest" time="3.67"/>
  <testcase name="TC_002_VerifyIndividualResponse_US_InAlpha2AndAlpha3" classname="groupktservice.apiTestSuite.ApiTest" time="0.538"/>
  <testcase name="TC_003_VerifyIndividualResponse_US_lowercase_InAlpha2AndAlpha3" classname="groupktservice.apiTestSuite.ApiTest" time="0.537"/>
  <testcase name="TC_004_VerifyIndividualResponse_DE_InAlpha2AndAlpha3" classname="groupktservice.apiTestSuite.ApiTest" time="0.551"/>
  <testcase name="TC_005_VerifyIndividualResponse_GB_InAlpha2AndAlpha3" classname="groupktservice.apiTestSuite.ApiTest" time="0.538"/>
  <testcase name="TC_006_VerifyIndividualResponseForNonExistentCountry_AlienCountry" classname="groupktservice.apiTestSuite.ApiTest" time="0.563"/>
  <testcase name="TC_007_VerifyPostRequestThatIsUnderDevelopment" classname="groupktservice.apiTestSuite.ApiTest" time="0.597">
    <failure message="1 expectation failed.&#10;Expected status code &lt;201&gt; but was &lt;200&gt;.&#10;" type="java.lang.AssertionError"><![CDATA[java.lang.AssertionError: 1 expectation failed.
Expected status code <201> but was <200>.

	at sun.reflect.NativeConstructorAccessorImpl.newInstance0(Native Method)
	at sun.reflect.NativeConstructorAccessorImpl.newInstance(NativeConstructorAccessorImpl.java:62)
	at sun.reflect.DelegatingConstructorAccessorImpl.newInstance(DelegatingConstructorAccessorImpl.java:45)
	at java.lang.reflect.Constructor.newInstance(Constructor.java:423)
	at org.codehaus.groovy.reflection.CachedConstructor.invoke(CachedConstructor.java:83)
	at org.codehaus.groovy.reflection.CachedConstructor.doConstructorInvoke(CachedConstructor.java:77)
	at org.codehaus.groovy.runtime.callsite.ConstructorSite$ConstructorSiteNoUnwrap.callConstructor(ConstructorSite.java:84)
	at org.codehaus.groovy.runtime.callsite.CallSiteArray.defaultCallConstructor(CallSiteArray.java:59)
	at org.codehaus.groovy.runtime.callsite.AbstractCallSite.callConstructor(AbstractCallSite.java:238)
	at org.codehaus.groovy.runtime.callsite.AbstractCallSite.callConstructor(AbstractCallSite.java:250)
	at io.restassured.internal.ResponseSpecificationImpl$HamcrestAssertionClosure.validate(ResponseSpecificationImpl.groovy:483)
	at io.restassured.internal.ResponseSpecificationImpl$HamcrestAssertionClosure$validate$1.call(Unknown Source)
	at io.restassured.internal.ResponseSpecificationImpl.validateResponseIfRequired(ResponseSpecificationImpl.groovy:655)
	at sun.reflect.GeneratedMethodAccessor50.invoke(Unknown Source)
	at sun.reflect.DelegatingMethodAccessorImpl.invoke(DelegatingMethodAccessorImpl.java:43)
	at java.lang.reflect.Method.invoke(Method.java:498)
	at org.codehaus.groovy.runtime.callsite.PogoMetaMethodSite$PogoCachedMethodSiteNoUnwrapNoCoerce.invoke(PogoMetaMethodSite.java:210)
	at org.codehaus.groovy.runtime.callsite.PogoMetaMethodSite.callCurrent(PogoMetaMethodSite.java:59)
	at org.codehaus.groovy.runtime.callsite.AbstractCallSite.callCurrent(AbstractCallSite.java:169)
	at io.restassured.internal.ResponseSpecificationImpl.statusCode(ResponseSpecificationImpl.groovy:123)
	at io.restassured.specification.ResponseSpecification$statusCode$0.callCurrent(Unknown Source)
	at io.restassured.internal.ResponseSpecificationImpl.statusCode(ResponseSpecificationImpl.groovy:131)
	at io.restassured.internal.ValidatableResponseOptionsImpl.statusCode(ValidatableResponseOptionsImpl.java:119)
	at groupktservice.apiTestSuite.ApiTest.TC_007_VerifyPostRequestThatIsUnderDevelopment(ApiTest.java:114)
]]></failure>
    <system-out><![CDATA[23:14:12,797 DEBUG devpinoyLogger:102 - TC_007_VerifyPostRequestThatIsUnderDevelopment_FAILED_TimeStamp:11_14_12PM_07_Jan_2019 _IP10.0.75.1
]]></system-out>
  </testcase>
</testsuite>